sdk/mesdk3.10/buildTask/build/intermediates/manifest_merge_blame_file/release/manifest-merger-blame-release-report.txt
1<?xml version="1.0" encoding="utf-8"?>
2<manifest xmlns:android="http://schemas.android.com/apk/res/android"
3    xmlns:tools="http://schemas.android.com/tools"
4    package="com.newland.buildtask"
5    android:versionCode="1"
6    android:versionName="1.0" >
7
8    <uses-sdk
9        android:minSdkVersion="21"
9-->mesdk3.10\buildTask\AndroidManifest.xml
10        android:targetSdkVersion="22" />
10-->mesdk3.10\buildTask\AndroidManifest.xml
11    <!-- <application android:label="@string/app_name" > -->
12    <!-- </application> -->
13    <uses-permission android:name="android.permission.MANAGE_NEWLAND" />
13-->mesdk3.10\buildTask\AndroidManifest.xml:8:5-73
13-->mesdk3.10\buildTask\AndroidManifest.xml:8:22-70
14    <uses-permission android:name="android.permission.MANAGE_ANALOG_SERIAL" />
14-->mesdk3.10\buildTask\AndroidManifest.xml:9:5-79
14-->mesdk3.10\buildTask\AndroidManifest.xml:9:22-76
15    <uses-permission android:name="android.permission.MANAGE_NEWLANDUART3" />
15-->mesdk3.10\buildTask\AndroidManifest.xml:10:5-78
15-->mesdk3.10\buildTask\AndroidManifest.xml:10:22-75
16    <uses-permission android:name="android.permission.CAMERA" />
16-->mesdk3.10\buildTask\AndroidManifest.xml:11:5-65
16-->mesdk3.10\buildTask\AndroidManifest.xml:11:22-62
17
18    <uses-feature android:name="android.hardware.camera" />
18-->mesdk3.10\buildTask\AndroidManifest.xml:12:5-60
18-->mesdk3.10\buildTask\AndroidManifest.xml:12:19-57
19    <uses-feature android:name="android.hardware.camera.autofocus" />
19-->mesdk3.10\buildTask\AndroidManifest.xml:13:5-70
19-->mesdk3.10\buildTask\AndroidManifest.xml:13:19-67
20
21    <uses-permission android:name="android.permission.WRITE_EXTERNAL_STORAGE" />
21-->mesdk3.10\buildTask\AndroidManifest.xml:14:5-81
21-->mesdk3.10\buildTask\AndroidManifest.xml:14:22-78
22    <uses-permission
22-->mesdk3.10\buildTask\AndroidManifest.xml:15:5-109
23        android:name="android.permission.WRITE_SETTINGS"
23-->mesdk3.10\buildTask\AndroidManifest.xml:15:22-70
24        tools:ignore="ProtectedPermissions" />
24-->mesdk3.10\buildTask\AndroidManifest.xml:15:71-106
25    <uses-permission android:name="android.permission.SYSTEM_ALERT_WINDOW" />
25-->mesdk3.10\buildTask\AndroidManifest.xml:16:5-78
25-->mesdk3.10\buildTask\AndroidManifest.xml:16:22-75
26    <uses-permission android:name="android.permission.CHANGE_NETWORK_STATE" />
26-->mesdk3.10\buildTask\AndroidManifest.xml:17:5-79
26-->mesdk3.10\buildTask\AndroidManifest.xml:17:22-76
27    <uses-permission android:name="android.permission.ACCESS_NETWORK_STATE" />
27-->mesdk3.10\buildTask\AndroidManifest.xml:18:5-79
27-->mesdk3.10\buildTask\AndroidManifest.xml:18:22-76
28    <uses-permission android:name="android.permission.READ_PHONE_STATE" />
28-->mesdk3.10\buildTask\AndroidManifest.xml:19:5-75
28-->mesdk3.10\buildTask\AndroidManifest.xml:19:22-72
29    <uses-permission android:name="android.permission.WRITE_APN_SETTINGS" />
29-->mesdk3.10\buildTask\AndroidManifest.xml:20:5-77
29-->mesdk3.10\buildTask\AndroidManifest.xml:20:22-74
30    <uses-permission android:name="android.permission.BLUETOOTH" />
30-->mesdk3.10\buildTask\AndroidManifest.xml:22:5-68
30-->mesdk3.10\buildTask\AndroidManifest.xml:22:22-65
31    <uses-permission android:name="android.permission.BLUETOOTH_ADMIN" />
31-->mesdk3.10\buildTask\AndroidManifest.xml:23:5-74
31-->mesdk3.10\buildTask\AndroidManifest.xml:23:22-71
32    <uses-permission android:name="android.permission.MANAGE_NEWLAND_CASHBOX" />
32-->mesdk3.10\buildTask\AndroidManifest.xml:25:5-81
32-->mesdk3.10\buildTask\AndroidManifest.xml:25:22-78
33    <uses-permission android:name="android.permission.MANAGE_NEWLAN_CASHBOX" />
33-->mesdk3.10\buildTask\AndroidManifest.xml:26:5-80
33-->mesdk3.10\buildTask\AndroidManifest.xml:26:22-77
34
35    <application>
35-->mesdk3.10\buildTask\AndroidManifest.xml:28:5-43:19
36        <activity
36-->mesdk3.10\buildTask\AndroidManifest.xml:29:9-30:85
37            android:name="com.newland.sdk.pininput.KeyBoardActivity"
37-->mesdk3.10\buildTask\AndroidManifest.xml:29:19-75
38            android:theme="@android:style/Theme.Translucent.NoTitleBar.Fullscreen" />
38-->mesdk3.10\buildTask\AndroidManifest.xml:30:13-83
39        <activity
39-->mesdk3.10\buildTask\AndroidManifest.xml:31:9-32:85
40            android:name="com.newland.sdk.pininput.RNIBKeyBoardActivity"
40-->mesdk3.10\buildTask\AndroidManifest.xml:31:19-79
41            android:theme="@android:style/Theme.Translucent.NoTitleBar.Fullscreen" />
41-->mesdk3.10\buildTask\AndroidManifest.xml:32:13-83
42        <activity
42-->mesdk3.10\buildTask\AndroidManifest.xml:33:9-35:74
43            android:name="com.newland.sdk.scanner.ScanViewActivity"
43-->mesdk3.10\buildTask\AndroidManifest.xml:34:13-68
44            android:theme="@android:style/Theme.NoTitleBar.Fullscreen" />
44-->mesdk3.10\buildTask\AndroidManifest.xml:35:13-71
45        <activity android:name="com.newland.sdk.module.bluetooth.BluetoothActivity" />
45-->mesdk3.10\buildTask\AndroidManifest.xml:37:9-87
45-->mesdk3.10\buildTask\AndroidManifest.xml:37:19-84
46        <activity
46-->mesdk3.10\buildTask\AndroidManifest.xml:38:9-41:20
47            android:name="com.newland.sdk.ble.BluetoothBaseActivity"
47-->mesdk3.10\buildTask\AndroidManifest.xml:39:13-69
48            android:theme="@android:style/Theme.NoTitleBar.Fullscreen" >
48-->mesdk3.10\buildTask\AndroidManifest.xml:40:13-71
49        </activity>
50    </application>
51
52</manifest>